<?xml version="1.0" encoding="UTF-8"?>
<testng-results ignored="0" total="1" passed="1" failed="0" skipped="0">
  <reporter-output>
  </reporter-output>
  <suite started-at="2022-09-20T10:10:21Z" name="Suite1" finished-at="2022-09-20T10:11:06Z" duration-ms="44930">
    <groups>
    </groups>
    <test started-at="2022-09-20T10:10:21Z" name="Nopackage" finished-at="2022-09-20T10:11:06Z" duration-ms="44930">
      <class name="com.seetech.automation.tests.TableData">
        <test-method is-config="true" signature="beforeAll(org.testng.ITestContext)[pri:0, instance:com.seetech.automation.tests.TableData@6986852]" started-at="2022-09-20T10:10:21Z" name="beforeAll" finished-at="2022-09-20T10:10:21Z" duration-ms="165" status="PASS">
          <params>
            <param index="0">
              <value>
                <![CDATA[org.testng.TestRunner@68dd39d2]]>
              </value>
            </param>
          </params>
          <reporter-output>
          </reporter-output>
        </test-method> <!-- beforeAll -->
        <test-method is-config="true" signature="setup(org.testng.ITestContext, java.lang.String)[pri:0, instance:com.seetech.automation.tests.TableData@6986852]" started-at="2022-09-20T10:10:21Z" name="setup" finished-at="2022-09-20T10:10:47Z" duration-ms="25776" status="PASS">
          <params>
            <param index="0">
              <value>
                <![CDATA[org.testng.TestRunner@68dd39d2]]>
              </value>
            </param>
            <param index="1">
              <value>
                <![CDATA[chrome]]>
              </value>
            </param>
          </params>
          <reporter-output>
          </reporter-output>
        </test-method> <!-- setup -->
        <test-method signature="tableData()[pri:0, instance:com.seetech.automation.tests.TableData@6986852]" started-at="2022-09-20T10:10:47Z" name="tableData" finished-at="2022-09-20T10:11:05Z" duration-ms="18806" status="PASS">
          <reporter-output>
          </reporter-output>
        </test-method> <!-- tableData -->
        <test-method is-config="true" signature="rearDown()[pri:0, instance:com.seetech.automation.tests.TableData@6986852]" started-at="2022-09-20T10:11:05Z" name="rearDown" finished-at="2022-09-20T10:11:06Z" duration-ms="323" status="PASS">
          <reporter-output>
          </reporter-output>
        </test-method> <!-- rearDown -->
        <test-method is-config="true" signature="SuiteClose()[pri:0, instance:com.seetech.automation.tests.TableData@6986852]" started-at="2022-09-20T10:11:06Z" name="SuiteClose" finished-at="2022-09-20T10:11:06Z" duration-ms="699" status="PASS">
          <reporter-output>
          </reporter-output>
        </test-method> <!-- SuiteClose -->
      </class> <!-- com.seetech.automation.tests.TableData -->
    </test> <!-- Nopackage -->
  </suite> <!-- Suite1 -->
</testng-results>
